[debug] [2023-03-14T22:06:09.522Z] ----------------------------------------------------------------------
[debug] [2023-03-14T22:06:09.523Z] Command:       /opt/homebrew/Cellar/node@18/18.14.2/bin/node /Users/devfrankrnz/Projects/seans-legacy/node_modules/.bin/firebase emulators:start --only functions
[debug] [2023-03-14T22:06:09.524Z] CLI Version:   11.24.0
[debug] [2023-03-14T22:06:09.524Z] Platform:      darwin
[debug] [2023-03-14T22:06:09.524Z] Node Version:  v18.14.2
[debug] [2023-03-14T22:06:09.526Z] Time:          Tue Mar 14 2023 23:06:09 GMT+0100 (West Africa Standard Time)
[debug] [2023-03-14T22:06:09.526Z] ----------------------------------------------------------------------
[debug] 
[debug] [2023-03-14T22:06:09.571Z] > command requires scopes: ["email","openid","https://www.googleapis.com/auth/cloudplatformprojects.readonly","https://www.googleapis.com/auth/firebase","https://www.googleapis.com/auth/cloud-platform"]
[debug] [2023-03-14T22:06:09.571Z] > authorizing via signed-in user (frankarinze086@gmail.com)
[info] i  emulators: Starting emulators: functions {"metadata":{"emulator":{"name":"hub"},"message":"Starting emulators: functions"}}
[debug] [2023-03-14T22:06:09.811Z] [logging] Logging Emulator only supports listening on one address (127.0.0.1). Not listening on ::1
[debug] [2023-03-14T22:06:09.811Z] assigned listening specs for emulators {"user":{"hub":[{"address":"127.0.0.1","family":"IPv4","port":4400},{"address":"::1","family":"IPv6","port":4400}],"ui":[{"address":"127.0.0.1","family":"IPv4","port":4000},{"address":"::1","family":"IPv6","port":4000}],"logging":[{"address":"127.0.0.1","family":"IPv4","port":4500}]},"metadata":{"message":"assigned listening specs for emulators"}}
[debug] [2023-03-14T22:06:09.815Z] [hub] writing locator at /var/folders/2x/r7tdxmh535l4z8hwf40my_hc0000gn/T/hub-seans-legacy.json
[debug] [2023-03-14T22:06:09.973Z] [functions] Functions Emulator only supports listening on one address (127.0.0.1). Not listening on ::1
[debug] [2023-03-14T22:06:09.973Z] [eventarc] Eventarc Emulator only supports listening on one address (127.0.0.1). Not listening on ::1
[debug] [2023-03-14T22:06:09.973Z] late-assigned ports for functions and eventarc emulators {"user":{"hub":[{"address":"127.0.0.1","family":"IPv4","port":4400},{"address":"::1","family":"IPv6","port":4400}],"ui":[{"address":"127.0.0.1","family":"IPv4","port":4000},{"address":"::1","family":"IPv6","port":4000}],"logging":[{"address":"127.0.0.1","family":"IPv4","port":4500}],"functions":[{"address":"127.0.0.1","family":"IPv4","port":5001}],"eventarc":[{"address":"127.0.0.1","family":"IPv4","port":9299}]},"metadata":{"message":"late-assigned ports for functions and eventarc emulators"}}
[warn] ⚠  functions: The following emulators are not running, calls to these services from the Functions emulator will affect production: auth, firestore, database, hosting, pubsub, storage {"metadata":{"emulator":{"name":"functions"},"message":"The following emulators are not running, calls to these services from the Functions emulator will affect production: \u001b[1mauth, firestore, database, hosting, pubsub, storage\u001b[22m"}}
[debug] [2023-03-14T22:06:09.975Z] defaultcredentials: writing to file /Users/devfrankrnz/.config/firebase/frankarinze086_gmail_com_application_default_credentials.json
[debug] [2023-03-14T22:06:09.979Z] Setting GAC to /Users/devfrankrnz/.config/firebase/frankarinze086_gmail_com_application_default_credentials.json {"metadata":{"emulator":{"name":"functions"},"message":"Setting GAC to /Users/devfrankrnz/.config/firebase/frankarinze086_gmail_com_application_default_credentials.json"}}
[debug] [2023-03-14T22:06:09.980Z] >>> [apiv2][query] GET https://firebase.googleapis.com/v1beta1/projects/seans-legacy/adminSdkConfig [none]
[debug] [2023-03-14T22:06:10.772Z] <<< [apiv2][status] GET https://firebase.googleapis.com/v1beta1/projects/seans-legacy/adminSdkConfig 200
[debug] [2023-03-14T22:06:10.772Z] <<< [apiv2][body] GET https://firebase.googleapis.com/v1beta1/projects/seans-legacy/adminSdkConfig {"projectId":"seans-legacy","storageBucket":"seans-legacy.appspot.com"}
[debug] [2023-03-14T22:06:10.815Z] Ignoring unsupported arg: auto_download {"metadata":{"emulator":{"name":"ui"},"message":"Ignoring unsupported arg: auto_download"}}
[debug] [2023-03-14T22:06:10.815Z] Ignoring unsupported arg: port {"metadata":{"emulator":{"name":"ui"},"message":"Ignoring unsupported arg: port"}}
[debug] [2023-03-14T22:06:10.815Z] Starting Emulator UI with command {"binary":"node","args":["/Users/devfrankrnz/.cache/firebase/emulators/ui-v1.11.4/server/server.js"],"optionalArgs":[],"joinArgs":false} {"metadata":{"emulator":{"name":"ui"},"message":"Starting Emulator UI with command {\"binary\":\"node\",\"args\":[\"/Users/devfrankrnz/.cache/firebase/emulators/ui-v1.11.4/server/server.js\"],\"optionalArgs\":[],\"joinArgs\":false}"}}
[info] i  ui: Emulator UI logging to ui-debug.log {"metadata":{"emulator":{"name":"ui"},"message":"Emulator UI logging to \u001b[1mui-debug.log\u001b[22m"}}
[debug] [2023-03-14T22:06:10.896Z] Web / API server started at 127.0.0.1:4000
 {"metadata":{"emulator":{"name":"ui"},"message":"Web / API server started at 127.0.0.1:4000\n"}}
[debug] [2023-03-14T22:06:10.896Z] Web / API server started at ::1:4000
 {"metadata":{"emulator":{"name":"ui"},"message":"Web / API server started at ::1:4000\n"}}
[info] i  functions: Watching "/Users/devfrankrnz/Projects/seans-legacy/functions" for Cloud Functions... {"metadata":{"emulator":{"name":"functions"},"message":"Watching \"/Users/devfrankrnz/Projects/seans-legacy/functions\" for Cloud Functions..."}}
[debug] [2023-03-14T22:06:11.081Z] Validating nodejs source
[debug] [2023-03-14T22:06:11.625Z] > [functions] package.json contents: {
  "name": "functions",
  "main": "lib/index.js",
  "scripts": {
    "build": "tsc",
    "build:watch": "tsc --watch",
    "serve": "npm run build && firebase emulators:start --only functions",
    "shell": "npm run build && firebase functions:shell",
    "start": "npm run shell",
    "deploy": "firebase deploy --only functions",
    "logs": "firebase functions:log"
  },
  "engines": {
    "node": "16"
  },
  "dependencies": {
    "body-parser": "^1.20.2",
    "express": "^4.18.2",
    "firebase-admin": "^11.5.0",
    "firebase-functions": "^4.2.0",
    "helmet": "^4.6.0",
    "nodemon": "^2.0.20",
    "uuid": "^9.0.0"
  },
  "devDependencies": {
    "firebase-functions-test": "^3.0.0",
    "typescript": "^4.9.0"
  },
  "private": true
}
[debug] [2023-03-14T22:06:11.625Z] Building nodejs source
[debug] [2023-03-14T22:06:11.626Z] Failed to find version of module node: reached end of search path /Users/devfrankrnz/Projects/seans-legacy/functions/node_modules
[warn] ⚠  functions: Your requested "node" version "16" doesn't match your global version "18". Using node@18 from host. 
[debug] [2023-03-14T22:06:11.628Z] Could not find functions.yaml. Must use http discovery
[debug] [2023-03-14T22:06:11.632Z] Found firebase-functions binary at '/Users/devfrankrnz/Projects/seans-legacy/functions/node_modules/.bin/firebase-functions'
[debug] [2023-03-14T22:06:11.705Z] Serving at port 8129

[debug] [2023-03-14T22:06:11.791Z] Got response from /__/functions.yaml {"endpoints":{"app":{"platform":"gcfv1","availableMemoryMb":null,"timeoutSeconds":null,"minInstances":null,"maxInstances":null,"ingressSettings":null,"serviceAccountEmail":null,"vpc":null,"httpsTrigger":{},"entryPoint":"app"}},"specVersion":"v1alpha1","requiredAPIs":[]}
[debug] [2023-03-14T22:06:11.795Z] shutdown requested via /__/quitquitquit

[info] ✔  functions: Loaded functions definitions from source: app. {"metadata":{"emulator":{"name":"functions"},"message":"Loaded functions definitions from source: app."}}
[info] ✔  functions[us-central1-app]: http function initialized (http://127.0.0.1:5001/seans-legacy/us-central1/app). {"metadata":{"emulator":{"name":"functions"},"message":"\u001b[1mhttp\u001b[22m function initialized (http://127.0.0.1:5001/seans-legacy/us-central1/app)."}}
[info] 
┌─────────────────────────────────────────────────────────────┐
│ ✔  All emulators ready! It is now safe to connect your app. │
│ i  View Emulator UI at http://127.0.0.1:4000/               │
└─────────────────────────────────────────────────────────────┘

┌───────────┬────────────────┬─────────────────────────────────┐
│ Emulator  │ Host:Port      │ View in Emulator UI             │
├───────────┼────────────────┼─────────────────────────────────┤
│ Functions │ 127.0.0.1:5001 │ http://127.0.0.1:4000/functions │
└───────────┴────────────────┴─────────────────────────────────┘
  Emulator Hub running at 127.0.0.1:4400
  Other reserved ports: 4500

Issues? Report them at https://github.com/firebase/firebase-tools/issues and attach the *-debug.log files.
 
[debug] [2023-03-14T22:08:46.877Z] [work-queue] {"queuedWork":["/seans-legacy/us-central1/app/users/createMentee-2023-03-14T22:08:46.876Z"],"queueLength":1,"runningWork":[],"workRunningCount":0}
[debug] [2023-03-14T22:08:46.879Z] [work-queue] {"queuedWork":[],"queueLength":0,"runningWork":["/seans-legacy/us-central1/app/users/createMentee-2023-03-14T22:08:46.876Z"],"workRunningCount":1}
[debug] [2023-03-14T22:08:46.880Z] Accepted request POST /seans-legacy/us-central1/app/users/createMentee --> us-central1-app
[debug] [2023-03-14T22:08:46.897Z] [functions] Runtime ready! Sending request! {"metadata":{"emulator":{"name":"functions"},"message":"[functions] Runtime ready! Sending request!"}}
[debug] [2023-03-14T22:08:46.898Z] [functions] Got req.url=/seans-legacy/us-central1/app/users/createMentee, mapping to path=/users/createMentee {"metadata":{"emulator":{"name":"functions"},"message":"[functions] Got req.url=/seans-legacy/us-central1/app/users/createMentee, mapping to path=/users/createMentee"}}
[debug] [2023-03-14T22:08:46.903Z] [worker-pool] addWorker(us-central1-app) {"metadata":{"emulator":{"name":"functions"},"message":"[worker-pool] addWorker(us-central1-app)"}}
[debug] [2023-03-14T22:08:46.903Z] [worker-pool] Adding worker with key us-central1-app, total=1 {"metadata":{"emulator":{"name":"functions"},"message":"[worker-pool] Adding worker with key us-central1-app, total=1"}}
[debug] [2023-03-14T22:08:47.669Z] [runtime-status] [16731] Resolved module firebase-admin {"declared":true,"installed":true,"version":"11.5.0","resolution":"/Users/devfrankrnz/Projects/seans-legacy/functions/node_modules/firebase-admin/lib/index.js"} {"metadata":{"emulator":{"name":"functions"},"function":{"name":"us-central1-app"},"extension":{},"message":"[runtime-status] [16731] Resolved module firebase-admin {\"declared\":true,\"installed\":true,\"version\":\"11.5.0\",\"resolution\":\"/Users/devfrankrnz/Projects/seans-legacy/functions/node_modules/firebase-admin/lib/index.js\"}"}}
[debug] [2023-03-14T22:08:47.669Z] [runtime-status] [16731] Resolved module firebase-functions {"declared":true,"installed":true,"version":"4.2.1","resolution":"/Users/devfrankrnz/Projects/seans-legacy/functions/node_modules/firebase-functions/lib/v1/index.js"} {"metadata":{"emulator":{"name":"functions"},"function":{"name":"us-central1-app"},"extension":{},"message":"[runtime-status] [16731] Resolved module firebase-functions {\"declared\":true,\"installed\":true,\"version\":\"4.2.1\",\"resolution\":\"/Users/devfrankrnz/Projects/seans-legacy/functions/node_modules/firebase-functions/lib/v1/index.js\"}"}}
[debug] [2023-03-14T22:08:47.669Z] [runtime-status] [16731] Outgoing network have been stubbed. [{"name":"http","status":"mocked"},{"name":"http","status":"mocked"},{"name":"https","status":"mocked"},{"name":"https","status":"mocked"},{"name":"net","status":"mocked"}] {"metadata":{"emulator":{"name":"functions"},"function":{"name":"us-central1-app"},"extension":{},"message":"[runtime-status] [16731] Outgoing network have been stubbed. [{\"name\":\"http\",\"status\":\"mocked\"},{\"name\":\"http\",\"status\":\"mocked\"},{\"name\":\"https\",\"status\":\"mocked\"},{\"name\":\"https\",\"status\":\"mocked\"},{\"name\":\"net\",\"status\":\"mocked\"}]"}}
[debug] [2023-03-14T22:08:47.670Z] [runtime-status] [16731] Resolved module firebase-functions {"declared":true,"installed":true,"version":"4.2.1","resolution":"/Users/devfrankrnz/Projects/seans-legacy/functions/node_modules/firebase-functions/lib/v1/index.js"} {"metadata":{"emulator":{"name":"functions"},"function":{"name":"us-central1-app"},"extension":{},"message":"[runtime-status] [16731] Resolved module firebase-functions {\"declared\":true,\"installed\":true,\"version\":\"4.2.1\",\"resolution\":\"/Users/devfrankrnz/Projects/seans-legacy/functions/node_modules/firebase-functions/lib/v1/index.js\"}"}}
[debug] [2023-03-14T22:08:47.821Z] [runtime-status] [16731] Checked functions.config() {"config":{}} {"metadata":{"emulator":{"name":"functions"},"function":{"name":"us-central1-app"},"extension":{},"message":"[runtime-status] [16731] Checked functions.config() {\"config\":{}}"}}
[debug] [2023-03-14T22:08:47.821Z] [runtime-status] [16731] firebase-functions has been stubbed. {"functionsResolution":{"declared":true,"installed":true,"version":"4.2.1","resolution":"/Users/devfrankrnz/Projects/seans-legacy/functions/node_modules/firebase-functions/lib/v1/index.js"}} {"metadata":{"emulator":{"name":"functions"},"function":{"name":"us-central1-app"},"extension":{},"message":"[runtime-status] [16731] firebase-functions has been stubbed. {\"functionsResolution\":{\"declared\":true,\"installed\":true,\"version\":\"4.2.1\",\"resolution\":\"/Users/devfrankrnz/Projects/seans-legacy/functions/node_modules/firebase-functions/lib/v1/index.js\"}}"}}
[debug] [2023-03-14T22:08:47.822Z] [runtime-status] [16731] Resolved module firebase-functions {"declared":true,"installed":true,"version":"4.2.1","resolution":"/Users/devfrankrnz/Projects/seans-legacy/functions/node_modules/firebase-functions/lib/v1/index.js"} {"metadata":{"emulator":{"name":"functions"},"function":{"name":"us-central1-app"},"extension":{},"message":"[runtime-status] [16731] Resolved module firebase-functions {\"declared\":true,\"installed\":true,\"version\":\"4.2.1\",\"resolution\":\"/Users/devfrankrnz/Projects/seans-legacy/functions/node_modules/firebase-functions/lib/v1/index.js\"}"}}
[debug] [2023-03-14T22:08:47.822Z] [runtime-status] [16731] Resolved module firebase-admin {"declared":true,"installed":true,"version":"11.5.0","resolution":"/Users/devfrankrnz/Projects/seans-legacy/functions/node_modules/firebase-admin/lib/index.js"} {"metadata":{"emulator":{"name":"functions"},"function":{"name":"us-central1-app"},"extension":{},"message":"[runtime-status] [16731] Resolved module firebase-admin {\"declared\":true,\"installed\":true,\"version\":\"11.5.0\",\"resolution\":\"/Users/devfrankrnz/Projects/seans-legacy/functions/node_modules/firebase-admin/lib/index.js\"}"}}
[debug] [2023-03-14T22:08:47.824Z] [runtime-status] [16731] Resolved module firebase-functions {"declared":true,"installed":true,"version":"4.2.1","resolution":"/Users/devfrankrnz/Projects/seans-legacy/functions/node_modules/firebase-functions/lib/v1/index.js"} {"metadata":{"emulator":{"name":"functions"},"function":{"name":"us-central1-app"},"extension":{},"message":"[runtime-status] [16731] Resolved module firebase-functions {\"declared\":true,\"installed\":true,\"version\":\"4.2.1\",\"resolution\":\"/Users/devfrankrnz/Projects/seans-legacy/functions/node_modules/firebase-functions/lib/v1/index.js\"}"}}
[debug] [2023-03-14T22:08:47.824Z] [runtime-status] [16731] firebase-admin has been stubbed. {"adminResolution":{"declared":true,"installed":true,"version":"11.5.0","resolution":"/Users/devfrankrnz/Projects/seans-legacy/functions/node_modules/firebase-admin/lib/index.js"}} {"metadata":{"emulator":{"name":"functions"},"function":{"name":"us-central1-app"},"extension":{},"message":"[runtime-status] [16731] firebase-admin has been stubbed. {\"adminResolution\":{\"declared\":true,\"installed\":true,\"version\":\"11.5.0\",\"resolution\":\"/Users/devfrankrnz/Projects/seans-legacy/functions/node_modules/firebase-admin/lib/index.js\"}}"}}
[debug] [2023-03-14T22:08:47.882Z] [runtime-status] [16731] initializeApp(DEFAULT) {"storageBucket":"seans-legacy.appspot.com","projectId":"seans-legacy"} {"metadata":{"emulator":{"name":"functions"},"function":{"name":"us-central1-app"},"extension":{},"message":"[runtime-status] [16731] initializeApp(DEFAULT) {\"storageBucket\":\"seans-legacy.appspot.com\",\"projectId\":\"seans-legacy\"}"}}
[warn] ⚠  functions: The Cloud Firestore emulator is not running, so calls to Firestore will affect production. {"metadata":{"emulator":{"name":"functions"},"function":{"name":"us-central1-app"},"extension":{},"message":"The Cloud Firestore emulator is not running, so calls to Firestore will affect production."}}
[debug] [2023-03-14T22:08:47.886Z] [runtime-status] [16731] Functions runtime initialized. {"cwd":"/Users/devfrankrnz/Projects/seans-legacy/functions","node_version":"18.14.2"} {"metadata":{"emulator":{"name":"functions"},"function":{"name":"us-central1-app"},"extension":{},"message":"[runtime-status] [16731] Functions runtime initialized. {\"cwd\":\"/Users/devfrankrnz/Projects/seans-legacy/functions\",\"node_version\":\"18.14.2\"}"}}
[debug] [2023-03-14T22:08:47.886Z] [runtime-status] [16731] Listening to port: /var/folders/2x/r7tdxmh535l4z8hwf40my_hc0000gn/T/fire_emu_eb0581abb73dfbf4.sock {"metadata":{"emulator":{"name":"functions"},"function":{"name":"us-central1-app"},"extension":{},"message":"[runtime-status] [16731] Listening to port: /var/folders/2x/r7tdxmh535l4z8hwf40my_hc0000gn/T/fire_emu_eb0581abb73dfbf4.sock"}}
[debug] [2023-03-14T22:08:47.924Z] [worker-us-central1-app-c8da1292-75eb-4b71-8fcf-f774091a37fb]: IDLE {"metadata":{"emulator":{"name":"functions"},"function":{"name":"us-central1-app"},"extension":{},"message":"[worker-us-central1-app-c8da1292-75eb-4b71-8fcf-f774091a37fb]: IDLE"}}
[debug] [2023-03-14T22:08:47.924Z] [worker-pool] submitRequest(triggerId=us-central1-app) {"metadata":{"emulator":{"name":"functions"},"message":"[worker-pool] submitRequest(triggerId=us-central1-app)"}}
[info] i  functions: Beginning execution of "us-central1-app" {"metadata":{"emulator":{"name":"functions"},"function":{"name":"us-central1-app"},"extension":{},"message":"Beginning execution of \"us-central1-app\""}}
[debug] [2023-03-14T22:08:47.924Z] [worker-us-central1-app-c8da1292-75eb-4b71-8fcf-f774091a37fb]: BUSY {"metadata":{"emulator":{"name":"functions"},"function":{"name":"us-central1-app"},"extension":{},"message":"[worker-us-central1-app-c8da1292-75eb-4b71-8fcf-f774091a37fb]: BUSY"}}
[info] >  * Route : USERS {"user":"* Route : USERS","metadata":{"emulator":{"name":"functions"},"function":{"name":"us-central1-app"},"extension":{},"message":"\u001b[90m> \u001b[39m * Route : USERS"}}
[info] >  /users/createMentee {"user":"/users/createMentee","metadata":{"emulator":{"name":"functions"},"function":{"name":"us-central1-app"},"extension":{},"message":"\u001b[90m> \u001b[39m /users/createMentee"}}
[info] >  +++++++++++++++++++ create Mentee +++++++++++++++++++ {"user":"+++++++++++++++++++ create Mentee +++++++++++++++++++","metadata":{"emulator":{"name":"functions"},"function":{"name":"us-central1-app"},"extension":{},"message":"\u001b[90m> \u001b[39m +++++++++++++++++++ create Mentee +++++++++++++++++++"}}
[warn] ⚠  Google API requested!
   - URL: "https://oauth2.googleapis.com/token"
   - Be careful, this may be a production service. {"metadata":{"emulator":{"name":"functions"},"function":{"name":"us-central1-app"},"extension":{},"message":"Google API requested!\n   - URL: \"https://oauth2.googleapis.com/token\"\n   - Be careful, this may be a production service."}}
[info] >  ==============find email =========================:>>  {"user":"==============find email =========================:>> ","metadata":{"emulator":{"name":"functions"},"function":{"name":"us-central1-app"},"extension":{},"message":"\u001b[90m> \u001b[39m ==============find email =========================:>> "}}
[info] >  QueryDocumentSnapshot { {"user":"QueryDocumentSnapshot {","metadata":{"emulator":{"name":"functions"},"function":{"name":"us-central1-app"},"extension":{},"message":"\u001b[90m> \u001b[39m QueryDocumentSnapshot {"}}
[info] >    _fieldsProto: { {"user":"  _fieldsProto: {","metadata":{"emulator":{"name":"functions"},"function":{"name":"us-central1-app"},"extension":{},"message":"\u001b[90m> \u001b[39m   _fieldsProto: {"}}
[info] >      user_email: { stringValue: 'Anca@gmail.com', valueType: 'stringValue' }, {"user":"    user_email: { stringValue: 'Anca@gmail.com', valueType: 'stringValue' },","metadata":{"emulator":{"name":"functions"},"function":{"name":"us-central1-app"},"extension":{},"message":"\u001b[90m> \u001b[39m     user_email: { stringValue: 'Anca@gmail.com', valueType: 'stringValue' },"}}
[info] >      user_name: { mapValue: [Object], valueType: 'mapValue' }, {"user":"    user_name: { mapValue: [Object], valueType: 'mapValue' },","metadata":{"emulator":{"name":"functions"},"function":{"name":"us-central1-app"},"extension":{},"message":"\u001b[90m> \u001b[39m     user_name: { mapValue: [Object], valueType: 'mapValue' },"}}
[info] >      user_pswd: { stringValue: 'admin1234', valueType: 'stringValue' } {"user":"    user_pswd: { stringValue: 'admin1234', valueType: 'stringValue' }","metadata":{"emulator":{"name":"functions"},"function":{"name":"us-central1-app"},"extension":{},"message":"\u001b[90m> \u001b[39m     user_pswd: { stringValue: 'admin1234', valueType: 'stringValue' }"}}
[info] >    }, {"user":"  },","metadata":{"emulator":{"name":"functions"},"function":{"name":"us-central1-app"},"extension":{},"message":"\u001b[90m> \u001b[39m   },"}}
[info] >    _ref: DocumentReference { {"user":"  _ref: DocumentReference {","metadata":{"emulator":{"name":"functions"},"function":{"name":"us-central1-app"},"extension":{},"message":"\u001b[90m> \u001b[39m   _ref: DocumentReference {"}}
[info] >      _firestore: Firestore { {"user":"    _firestore: Firestore {","metadata":{"emulator":{"name":"functions"},"function":{"name":"us-central1-app"},"extension":{},"message":"\u001b[90m> \u001b[39m     _firestore: Firestore {"}}
[info] >        _settings: [Object], {"user":"      _settings: [Object],","metadata":{"emulator":{"name":"functions"},"function":{"name":"us-central1-app"},"extension":{},"message":"\u001b[90m> \u001b[39m       _settings: [Object],"}}
[info] >        _settingsFrozen: true, {"user":"      _settingsFrozen: true,","metadata":{"emulator":{"name":"functions"},"function":{"name":"us-central1-app"},"extension":{},"message":"\u001b[90m> \u001b[39m       _settingsFrozen: true,"}}
[info] >        _serializer: [Serializer], {"user":"      _serializer: [Serializer],","metadata":{"emulator":{"name":"functions"},"function":{"name":"us-central1-app"},"extension":{},"message":"\u001b[90m> \u001b[39m       _serializer: [Serializer],"}}
[info] >        _projectId: 'seans-legacy', {"user":"      _projectId: 'seans-legacy',","metadata":{"emulator":{"name":"functions"},"function":{"name":"us-central1-app"},"extension":{},"message":"\u001b[90m> \u001b[39m       _projectId: 'seans-legacy',"}}
[info] >        _databaseId: '(default)', {"user":"      _databaseId: '(default)',","metadata":{"emulator":{"name":"functions"},"function":{"name":"us-central1-app"},"extension":{},"message":"\u001b[90m> \u001b[39m       _databaseId: '(default)',"}}
[info] >        registeredListenersCount: 0, {"user":"      registeredListenersCount: 0,","metadata":{"emulator":{"name":"functions"},"function":{"name":"us-central1-app"},"extension":{},"message":"\u001b[90m> \u001b[39m       registeredListenersCount: 0,"}}
[info] >        bulkWritersCount: 0, {"user":"      bulkWritersCount: 0,","metadata":{"emulator":{"name":"functions"},"function":{"name":"us-central1-app"},"extension":{},"message":"\u001b[90m> \u001b[39m       bulkWritersCount: 0,"}}
[info] >        _backoffSettings: [Object], {"user":"      _backoffSettings: [Object],","metadata":{"emulator":{"name":"functions"},"function":{"name":"us-central1-app"},"extension":{},"message":"\u001b[90m> \u001b[39m       _backoffSettings: [Object],"}}
[info] >        _clientPool: [ClientPool], {"user":"      _clientPool: [ClientPool],","metadata":{"emulator":{"name":"functions"},"function":{"name":"us-central1-app"},"extension":{},"message":"\u001b[90m> \u001b[39m       _clientPool: [ClientPool],"}}
[info] >        _gax: [Object] {"user":"      _gax: [Object]","metadata":{"emulator":{"name":"functions"},"function":{"name":"us-central1-app"},"extension":{},"message":"\u001b[90m> \u001b[39m       _gax: [Object]"}}
[info] >      }, {"user":"    },","metadata":{"emulator":{"name":"functions"},"function":{"name":"us-central1-app"},"extension":{},"message":"\u001b[90m> \u001b[39m     },"}}
[info] >      _path: ResourcePath { segments: [Array] }, {"user":"    _path: ResourcePath { segments: [Array] },","metadata":{"emulator":{"name":"functions"},"function":{"name":"us-central1-app"},"extension":{},"message":"\u001b[90m> \u001b[39m     _path: ResourcePath { segments: [Array] },"}}
[info] >      _converter: { {"user":"    _converter: {","metadata":{"emulator":{"name":"functions"},"function":{"name":"us-central1-app"},"extension":{},"message":"\u001b[90m> \u001b[39m     _converter: {"}}
[info] >        toFirestore: [Function: toFirestore], {"user":"      toFirestore: [Function: toFirestore],","metadata":{"emulator":{"name":"functions"},"function":{"name":"us-central1-app"},"extension":{},"message":"\u001b[90m> \u001b[39m       toFirestore: [Function: toFirestore],"}}
[info] >        fromFirestore: [Function: fromFirestore] {"user":"      fromFirestore: [Function: fromFirestore]","metadata":{"emulator":{"name":"functions"},"function":{"name":"us-central1-app"},"extension":{},"message":"\u001b[90m> \u001b[39m       fromFirestore: [Function: fromFirestore]"}}
[info] >      } {"user":"    }","metadata":{"emulator":{"name":"functions"},"function":{"name":"us-central1-app"},"extension":{},"message":"\u001b[90m> \u001b[39m     }"}}
[info] >    }, {"user":"  },","metadata":{"emulator":{"name":"functions"},"function":{"name":"us-central1-app"},"extension":{},"message":"\u001b[90m> \u001b[39m   },"}}
[info] >    _serializer: Serializer { {"user":"  _serializer: Serializer {","metadata":{"emulator":{"name":"functions"},"function":{"name":"us-central1-app"},"extension":{},"message":"\u001b[90m> \u001b[39m   _serializer: Serializer {"}}
[info] >      createReference: [Function (anonymous)], {"user":"    createReference: [Function (anonymous)],","metadata":{"emulator":{"name":"functions"},"function":{"name":"us-central1-app"},"extension":{},"message":"\u001b[90m> \u001b[39m     createReference: [Function (anonymous)],"}}
[info] >      createInteger: [Function (anonymous)], {"user":"    createInteger: [Function (anonymous)],","metadata":{"emulator":{"name":"functions"},"function":{"name":"us-central1-app"},"extension":{},"message":"\u001b[90m> \u001b[39m     createInteger: [Function (anonymous)],"}}
[info] >      allowUndefined: false {"user":"    allowUndefined: false","metadata":{"emulator":{"name":"functions"},"function":{"name":"us-central1-app"},"extension":{},"message":"\u001b[90m> \u001b[39m     allowUndefined: false"}}
[info] >    }, {"user":"  },","metadata":{"emulator":{"name":"functions"},"function":{"name":"us-central1-app"},"extension":{},"message":"\u001b[90m> \u001b[39m   },"}}
[info] >    _readTime: Timestamp { _seconds: 1678831729, _nanoseconds: 925151000 }, {"user":"  _readTime: Timestamp { _seconds: 1678831729, _nanoseconds: 925151000 },","metadata":{"emulator":{"name":"functions"},"function":{"name":"us-central1-app"},"extension":{},"message":"\u001b[90m> \u001b[39m   _readTime: Timestamp { _seconds: 1678831729, _nanoseconds: 925151000 },"}}
[info] >    _createTime: Timestamp { _seconds: 1677946053, _nanoseconds: 178034000 }, {"user":"  _createTime: Timestamp { _seconds: 1677946053, _nanoseconds: 178034000 },","metadata":{"emulator":{"name":"functions"},"function":{"name":"us-central1-app"},"extension":{},"message":"\u001b[90m> \u001b[39m   _createTime: Timestamp { _seconds: 1677946053, _nanoseconds: 178034000 },"}}
[info] >    _updateTime: Timestamp { _seconds: 1677946053, _nanoseconds: 178034000 } {"user":"  _updateTime: Timestamp { _seconds: 1677946053, _nanoseconds: 178034000 }","metadata":{"emulator":{"name":"functions"},"function":{"name":"us-central1-app"},"extension":{},"message":"\u001b[90m> \u001b[39m   _updateTime: Timestamp { _seconds: 1677946053, _nanoseconds: 178034000 }"}}
[info] >  } {"user":"}","metadata":{"emulator":{"name":"functions"},"function":{"name":"us-central1-app"},"extension":{},"message":"\u001b[90m> \u001b[39m }"}}
[error] i  Your function timed out after ~60s. To configure this timeout, see
      https://firebase.google.com/docs/functions/manage-functions#set_timeout_and_memory_allocation. {"metadata":{"emulator":{"name":"functions"},"function":{"name":"us-central1-app"},"extension":{},"message":"Your function timed out after ~60s. To configure this timeout, see\n      https://firebase.google.com/docs/functions/manage-functions#set_timeout_and_memory_allocation."}}
[error] i  Request to function failed: Error: socket hang up {"metadata":{"emulator":{"name":"functions"},"function":{"name":"us-central1-app"},"extension":{},"message":"Request to function failed: Error: socket hang up"}}
[debug] [2023-03-14T22:09:47.950Z] [work-queue] {"queuedWork":[],"queueLength":0,"runningWork":[],"workRunningCount":0}
[debug] [2023-03-14T22:09:47.965Z] [worker-us-central1-app-c8da1292-75eb-4b71-8fcf-f774091a37fb]: exited {"metadata":{"emulator":{"name":"functions"},"function":{"name":"us-central1-app"},"extension":{},"message":"[worker-us-central1-app-c8da1292-75eb-4b71-8fcf-f774091a37fb]: exited"}}
[debug] [2023-03-14T22:09:47.966Z] [worker-us-central1-app-c8da1292-75eb-4b71-8fcf-f774091a37fb]: FINISHED {"metadata":{"emulator":{"name":"functions"},"function":{"name":"us-central1-app"},"extension":{},"message":"[worker-us-central1-app-c8da1292-75eb-4b71-8fcf-f774091a37fb]: FINISHED"}}
[debug] [2023-03-15T08:31:56.454Z] File /Users/devfrankrnz/Projects/seans-legacy/functions/src/user/dbService.ts changed, reloading triggers {"metadata":{"emulator":{"name":"functions"},"message":"File /Users/devfrankrnz/Projects/seans-legacy/functions/src/user/dbService.ts changed, reloading triggers"}}
[debug] [2023-03-15T08:31:57.492Z] Validating nodejs source
[debug] [2023-03-15T08:31:59.139Z] > [functions] package.json contents: {
  "name": "functions",
  "main": "lib/index.js",
  "scripts": {
    "build": "tsc",
    "build:watch": "tsc --watch",
    "serve": "npm run build && firebase emulators:start --only functions",
    "shell": "npm run build && firebase functions:shell",
    "start": "npm run shell",
    "deploy": "firebase deploy --only functions",
    "logs": "firebase functions:log"
  },
  "engines": {
    "node": "16"
  },
  "dependencies": {
    "body-parser": "^1.20.2",
    "express": "^4.18.2",
    "firebase-admin": "^11.5.0",
    "firebase-functions": "^4.2.0",
    "helmet": "^4.6.0",
    "nodemon": "^2.0.20",
    "uuid": "^9.0.0"
  },
  "devDependencies": {
    "firebase-functions-test": "^3.0.0",
    "typescript": "^4.9.0"
  },
  "private": true
}
[debug] [2023-03-15T08:31:59.145Z] Building nodejs source
[debug] [2023-03-15T08:31:59.145Z] Failed to find version of module node: reached end of search path /Users/devfrankrnz/Projects/seans-legacy/functions/node_modules
[warn] ⚠  functions: Your requested "node" version "16" doesn't match your global version "18". Using node@18 from host. 
[debug] [2023-03-15T08:31:59.155Z] Could not find functions.yaml. Must use http discovery
[debug] [2023-03-15T08:31:59.173Z] Found firebase-functions binary at '/Users/devfrankrnz/Projects/seans-legacy/functions/node_modules/.bin/firebase-functions'
[debug] [2023-03-15T08:31:59.448Z] Serving at port 8494

[debug] [2023-03-15T08:31:59.710Z] Got response from /__/functions.yaml {"endpoints":{"app":{"platform":"gcfv1","availableMemoryMb":null,"timeoutSeconds":null,"minInstances":null,"maxInstances":null,"ingressSettings":null,"serviceAccountEmail":null,"vpc":null,"httpsTrigger":{},"entryPoint":"app"}},"specVersion":"v1alpha1","requiredAPIs":[]}
[debug] [2023-03-15T08:31:59.715Z] shutdown requested via /__/quitquitquit

[info] ✔  functions: Loaded functions definitions from source: app. {"metadata":{"emulator":{"name":"functions"},"message":"Loaded functions definitions from source: app."}}
[debug] [2023-03-15T08:32:22.998Z] File /Users/devfrankrnz/Projects/seans-legacy/functions/src/user/controller.ts changed, reloading triggers {"metadata":{"emulator":{"name":"functions"},"message":"File /Users/devfrankrnz/Projects/seans-legacy/functions/src/user/controller.ts changed, reloading triggers"}}
[debug] [2023-03-15T08:32:24.004Z] Validating nodejs source
[debug] [2023-03-15T08:32:24.586Z] > [functions] package.json contents: {
  "name": "functions",
  "main": "lib/index.js",
  "scripts": {
    "build": "tsc",
    "build:watch": "tsc --watch",
    "serve": "npm run build && firebase emulators:start --only functions",
    "shell": "npm run build && firebase functions:shell",
    "start": "npm run shell",
    "deploy": "firebase deploy --only functions",
    "logs": "firebase functions:log"
  },
  "engines": {
    "node": "16"
  },
  "dependencies": {
    "body-parser": "^1.20.2",
    "express": "^4.18.2",
    "firebase-admin": "^11.5.0",
    "firebase-functions": "^4.2.0",
    "helmet": "^4.6.0",
    "nodemon": "^2.0.20",
    "uuid": "^9.0.0"
  },
  "devDependencies": {
    "firebase-functions-test": "^3.0.0",
    "typescript": "^4.9.0"
  },
  "private": true
}
[debug] [2023-03-15T08:32:24.587Z] Building nodejs source
[debug] [2023-03-15T08:32:24.587Z] Failed to find version of module node: reached end of search path /Users/devfrankrnz/Projects/seans-legacy/functions/node_modules
[warn] ⚠  functions: Your requested "node" version "16" doesn't match your global version "18". Using node@18 from host. 
[debug] [2023-03-15T08:32:24.589Z] Could not find functions.yaml. Must use http discovery
[debug] [2023-03-15T08:32:24.591Z] Found firebase-functions binary at '/Users/devfrankrnz/Projects/seans-legacy/functions/node_modules/.bin/firebase-functions'
[debug] [2023-03-15T08:32:24.705Z] Serving at port 8597

[debug] [2023-03-15T08:32:24.841Z] Got response from /__/functions.yaml {"endpoints":{"app":{"platform":"gcfv1","availableMemoryMb":null,"timeoutSeconds":null,"minInstances":null,"maxInstances":null,"ingressSettings":null,"serviceAccountEmail":null,"vpc":null,"httpsTrigger":{},"entryPoint":"app"}},"specVersion":"v1alpha1","requiredAPIs":[]}
[debug] [2023-03-15T08:32:24.844Z] shutdown requested via /__/quitquitquit

[info] ✔  functions: Loaded functions definitions from source: app. {"metadata":{"emulator":{"name":"functions"},"message":"Loaded functions definitions from source: app."}}
[debug] [2023-03-15T08:32:45.754Z] File /Users/devfrankrnz/Projects/seans-legacy/functions/src/user/service.ts changed, reloading triggers {"metadata":{"emulator":{"name":"functions"},"message":"File /Users/devfrankrnz/Projects/seans-legacy/functions/src/user/service.ts changed, reloading triggers"}}
[debug] [2023-03-15T08:32:46.762Z] Validating nodejs source
[debug] [2023-03-15T08:32:47.335Z] > [functions] package.json contents: {
  "name": "functions",
  "main": "lib/index.js",
  "scripts": {
    "build": "tsc",
    "build:watch": "tsc --watch",
    "serve": "npm run build && firebase emulators:start --only functions",
    "shell": "npm run build && firebase functions:shell",
    "start": "npm run shell",
    "deploy": "firebase deploy --only functions",
    "logs": "firebase functions:log"
  },
  "engines": {
    "node": "16"
  },
  "dependencies": {
    "body-parser": "^1.20.2",
    "express": "^4.18.2",
    "firebase-admin": "^11.5.0",
    "firebase-functions": "^4.2.0",
    "helmet": "^4.6.0",
    "nodemon": "^2.0.20",
    "uuid": "^9.0.0"
  },
  "devDependencies": {
    "firebase-functions-test": "^3.0.0",
    "typescript": "^4.9.0"
  },
  "private": true
}
[debug] [2023-03-15T08:32:47.336Z] Building nodejs source
[debug] [2023-03-15T08:32:47.336Z] Failed to find version of module node: reached end of search path /Users/devfrankrnz/Projects/seans-legacy/functions/node_modules
[warn] ⚠  functions: Your requested "node" version "16" doesn't match your global version "18". Using node@18 from host. 
[debug] [2023-03-15T08:32:47.338Z] Could not find functions.yaml. Must use http discovery
[debug] [2023-03-15T08:32:47.339Z] Found firebase-functions binary at '/Users/devfrankrnz/Projects/seans-legacy/functions/node_modules/.bin/firebase-functions'
[debug] [2023-03-15T08:32:47.449Z] Serving at port 8653

[debug] [2023-03-15T08:32:47.606Z] Got response from /__/functions.yaml {"endpoints":{"app":{"platform":"gcfv1","availableMemoryMb":null,"timeoutSeconds":null,"minInstances":null,"maxInstances":null,"ingressSettings":null,"serviceAccountEmail":null,"vpc":null,"httpsTrigger":{},"entryPoint":"app"}},"specVersion":"v1alpha1","requiredAPIs":[]}
[debug] [2023-03-15T08:32:47.615Z] shutdown requested via /__/quitquitquit

[info] ✔  functions: Loaded functions definitions from source: app. {"metadata":{"emulator":{"name":"functions"},"message":"Loaded functions definitions from source: app."}}
[debug] [2023-09-19T16:36:30.114Z] ----------------------------------------------------------------------
[debug] [2023-09-19T16:36:30.115Z] Command:       /opt/homebrew/Cellar/node@18/18.14.2/bin/node /Users/devfrankrnz/Projects/seans-legacy/node_modules/.bin/firebase emulators:start --only functions
[debug] [2023-09-19T16:36:30.115Z] CLI Version:   11.24.0
[debug] [2023-09-19T16:36:30.115Z] Platform:      darwin
[debug] [2023-09-19T16:36:30.115Z] Node Version:  v18.14.2
[debug] [2023-09-19T16:36:30.116Z] Time:          Tue Sep 19 2023 17:36:30 GMT+0100 (West Africa Standard Time)
[debug] [2023-09-19T16:36:30.116Z] ----------------------------------------------------------------------
[debug] 
[debug] [2023-09-19T16:36:30.117Z] >>> [apiv2][query] GET https://firebase-public.firebaseio.com/cli.json [none]
[debug] [2023-09-19T16:36:30.163Z] > command requires scopes: ["email","openid","https://www.googleapis.com/auth/cloudplatformprojects.readonly","https://www.googleapis.com/auth/firebase","https://www.googleapis.com/auth/cloud-platform"]
[debug] [2023-09-19T16:36:30.163Z] > authorizing via signed-in user (frankarinze086@gmail.com)
[info] i  emulators: Starting emulators: functions {"metadata":{"emulator":{"name":"hub"},"message":"Starting emulators: functions"}}
[debug] [2023-09-19T16:36:30.395Z] [logging] Logging Emulator only supports listening on one address (127.0.0.1). Not listening on ::1
[debug] [2023-09-19T16:36:30.395Z] assigned listening specs for emulators {"user":{"hub":[{"address":"127.0.0.1","family":"IPv4","port":4400},{"address":"::1","family":"IPv6","port":4400}],"ui":[{"address":"127.0.0.1","family":"IPv4","port":4000},{"address":"::1","family":"IPv6","port":4000}],"logging":[{"address":"127.0.0.1","family":"IPv4","port":4500}]},"metadata":{"message":"assigned listening specs for emulators"}}
[debug] [2023-09-19T16:36:30.399Z] [hub] writing locator at /var/folders/2x/r7tdxmh535l4z8hwf40my_hc0000gn/T/hub-seans-legacy.json
[debug] [2023-09-19T16:36:30.548Z] [functions] Functions Emulator only supports listening on one address (127.0.0.1). Not listening on ::1
[debug] [2023-09-19T16:36:30.548Z] [eventarc] Eventarc Emulator only supports listening on one address (127.0.0.1). Not listening on ::1
[debug] [2023-09-19T16:36:30.548Z] late-assigned ports for functions and eventarc emulators {"user":{"hub":[{"address":"127.0.0.1","family":"IPv4","port":4400},{"address":"::1","family":"IPv6","port":4400}],"ui":[{"address":"127.0.0.1","family":"IPv4","port":4000},{"address":"::1","family":"IPv6","port":4000}],"logging":[{"address":"127.0.0.1","family":"IPv4","port":4500}],"functions":[{"address":"127.0.0.1","family":"IPv4","port":5001}],"eventarc":[{"address":"127.0.0.1","family":"IPv4","port":9299}]},"metadata":{"message":"late-assigned ports for functions and eventarc emulators"}}
[warn] ⚠  functions: The following emulators are not running, calls to these services from the Functions emulator will affect production: auth, firestore, database, hosting, pubsub, storage {"metadata":{"emulator":{"name":"functions"},"message":"The following emulators are not running, calls to these services from the Functions emulator will affect production: \u001b[1mauth, firestore, database, hosting, pubsub, storage\u001b[22m"}}
[debug] [2023-09-19T16:36:30.552Z] defaultcredentials: writing to file /Users/devfrankrnz/.config/firebase/frankarinze086_gmail_com_application_default_credentials.json
[debug] [2023-09-19T16:36:30.557Z] Setting GAC to /Users/devfrankrnz/.config/firebase/frankarinze086_gmail_com_application_default_credentials.json {"metadata":{"emulator":{"name":"functions"},"message":"Setting GAC to /Users/devfrankrnz/.config/firebase/frankarinze086_gmail_com_application_default_credentials.json"}}
[debug] [2023-09-19T16:36:30.557Z] > refreshing access token with scopes: []
[debug] [2023-09-19T16:36:30.558Z] >>> [apiv2][query] POST https://www.googleapis.com/oauth2/v3/token [none]
[debug] [2023-09-19T16:36:30.558Z] >>> [apiv2][body] POST https://www.googleapis.com/oauth2/v3/token [omitted]
[debug] [2023-09-19T16:36:30.998Z] <<< [apiv2][status] GET https://firebase-public.firebaseio.com/cli.json 200
[debug] [2023-09-19T16:36:30.999Z] <<< [apiv2][body] GET https://firebase-public.firebaseio.com/cli.json {"cloudBuildErrorAfter":1594252800000,"cloudBuildWarnAfter":1590019200000,"defaultNode10After":1594252800000,"minVersion":"3.0.5","node8DeploysDisabledAfter":1613390400000,"node8RuntimeDisabledAfter":1615809600000,"node8WarnAfter":1600128000000}
[debug] [2023-09-19T16:36:31.097Z] <<< [apiv2][status] POST https://www.googleapis.com/oauth2/v3/token 200
[debug] [2023-09-19T16:36:31.097Z] <<< [apiv2][body] POST https://www.googleapis.com/oauth2/v3/token [omitted]
[debug] [2023-09-19T16:36:31.142Z] >>> [apiv2][query] GET https://firebase.googleapis.com/v1beta1/projects/seans-legacy/adminSdkConfig [none]
[debug] [2023-09-19T16:36:31.850Z] <<< [apiv2][status] GET https://firebase.googleapis.com/v1beta1/projects/seans-legacy/adminSdkConfig 200
[debug] [2023-09-19T16:36:31.850Z] <<< [apiv2][body] GET https://firebase.googleapis.com/v1beta1/projects/seans-legacy/adminSdkConfig {"projectId":"seans-legacy","databaseURL":"https://seans-legacy-default-rtdb.firebaseio.com","storageBucket":"seans-legacy.appspot.com"}
[debug] [2023-09-19T16:36:31.895Z] Ignoring unsupported arg: auto_download {"metadata":{"emulator":{"name":"ui"},"message":"Ignoring unsupported arg: auto_download"}}
[debug] [2023-09-19T16:36:31.896Z] Ignoring unsupported arg: port {"metadata":{"emulator":{"name":"ui"},"message":"Ignoring unsupported arg: port"}}
[debug] [2023-09-19T16:36:31.896Z] Starting Emulator UI with command {"binary":"node","args":["/Users/devfrankrnz/.cache/firebase/emulators/ui-v1.11.4/server/server.js"],"optionalArgs":[],"joinArgs":false} {"metadata":{"emulator":{"name":"ui"},"message":"Starting Emulator UI with command {\"binary\":\"node\",\"args\":[\"/Users/devfrankrnz/.cache/firebase/emulators/ui-v1.11.4/server/server.js\"],\"optionalArgs\":[],\"joinArgs\":false}"}}
[info] i  ui: Emulator UI logging to ui-debug.log {"metadata":{"emulator":{"name":"ui"},"message":"Emulator UI logging to \u001b[1mui-debug.log\u001b[22m"}}
[debug] [2023-09-19T16:36:31.977Z] Web / API server started at 127.0.0.1:4000
 {"metadata":{"emulator":{"name":"ui"},"message":"Web / API server started at 127.0.0.1:4000\n"}}
[debug] [2023-09-19T16:36:31.977Z] Web / API server started at ::1:4000
 {"metadata":{"emulator":{"name":"ui"},"message":"Web / API server started at ::1:4000\n"}}
[info] i  functions: Watching "/Users/devfrankrnz/Projects/seans-legacy/functions" for Cloud Functions... {"metadata":{"emulator":{"name":"functions"},"message":"Watching \"/Users/devfrankrnz/Projects/seans-legacy/functions\" for Cloud Functions..."}}
[debug] [2023-09-19T16:36:32.160Z] Validating nodejs source
[warn] ⚠  functions: package.json indicates an outdated version of firebase-functions. Please upgrade using npm install --save firebase-functions@latest in your functions directory. 
[debug] [2023-09-19T16:36:33.181Z] > [functions] package.json contents: {
  "name": "functions",
  "main": "lib/index.js",
  "scripts": {
    "build": "tsc",
    "build:watch": "tsc --watch",
    "serve": "npm run build && firebase emulators:start --only functions",
    "shell": "npm run build && firebase functions:shell",
    "start": "npm run shell",
    "deploy": "firebase deploy --only functions",
    "logs": "firebase functions:log"
  },
  "engines": {
    "node": "16"
  },
  "dependencies": {
    "body-parser": "^1.20.2",
    "express": "^4.18.2",
    "firebase-admin": "^11.5.0",
    "firebase-functions": "^4.2.0",
    "helmet": "^4.6.0",
    "nodemon": "^2.0.20",
    "uuid": "^9.0.0"
  },
  "devDependencies": {
    "firebase-functions-test": "^3.0.0",
    "typescript": "^4.9.0"
  },
  "private": true
}
[debug] [2023-09-19T16:36:33.181Z] Building nodejs source
[debug] [2023-09-19T16:36:33.181Z] Failed to find version of module node: reached end of search path /Users/devfrankrnz/Projects/seans-legacy/functions/node_modules
[warn] ⚠  functions: Your requested "node" version "16" doesn't match your global version "18". Using node@18 from host. 
[debug] [2023-09-19T16:36:33.183Z] Could not find functions.yaml. Must use http discovery
[debug] [2023-09-19T16:36:33.188Z] Found firebase-functions binary at '/Users/devfrankrnz/Projects/seans-legacy/functions/node_modules/.bin/firebase-functions'
[debug] [2023-09-19T16:36:33.305Z] Serving at port 8355

[debug] [2023-09-19T16:36:33.475Z] Got response from /__/functions.yaml {"endpoints":{"app":{"platform":"gcfv1","availableMemoryMb":null,"timeoutSeconds":null,"minInstances":null,"maxInstances":null,"ingressSettings":null,"serviceAccountEmail":null,"vpc":null,"httpsTrigger":{},"entryPoint":"app"}},"specVersion":"v1alpha1","requiredAPIs":[]}
[debug] [2023-09-19T16:36:33.481Z] shutdown requested via /__/quitquitquit

[info] ✔  functions: Loaded functions definitions from source: app. {"metadata":{"emulator":{"name":"functions"},"message":"Loaded functions definitions from source: app."}}
[info] ✔  functions[us-central1-app]: http function initialized (http://127.0.0.1:5001/seans-legacy/us-central1/app). {"metadata":{"emulator":{"name":"functions"},"message":"\u001b[1mhttp\u001b[22m function initialized (http://127.0.0.1:5001/seans-legacy/us-central1/app)."}}
[info] 
┌─────────────────────────────────────────────────────────────┐
│ ✔  All emulators ready! It is now safe to connect your app. │
│ i  View Emulator UI at http://127.0.0.1:4000/               │
└─────────────────────────────────────────────────────────────┘

┌───────────┬────────────────┬─────────────────────────────────┐
│ Emulator  │ Host:Port      │ View in Emulator UI             │
├───────────┼────────────────┼─────────────────────────────────┤
│ Functions │ 127.0.0.1:5001 │ http://127.0.0.1:4000/functions │
└───────────┴────────────────┴─────────────────────────────────┘
  Emulator Hub running at 127.0.0.1:4400
  Other reserved ports: 4500

Issues? Report them at https://github.com/firebase/firebase-tools/issues and attach the *-debug.log files.
 
[debug] [2023-09-21T23:45:13.324Z] Functions emulator received unknown request at path /cospire-eeb6d/us-central1/app/booking/all
[debug] [2023-09-25T16:36:38.077Z] ----------------------------------------------------------------------
[debug] [2023-09-25T16:36:38.078Z] Command:       /opt/homebrew/Cellar/node@18/18.14.2/bin/node /Users/devfrankrnz/Projects/seans-legacy/node_modules/.bin/firebase emulators:start --only functions
[debug] [2023-09-25T16:36:38.079Z] CLI Version:   11.24.0
[debug] [2023-09-25T16:36:38.079Z] Platform:      darwin
[debug] [2023-09-25T16:36:38.079Z] Node Version:  v18.14.2
[debug] [2023-09-25T16:36:38.082Z] Time:          Mon Sep 25 2023 17:36:38 GMT+0100 (West Africa Standard Time)
[debug] [2023-09-25T16:36:38.082Z] ----------------------------------------------------------------------
[debug] 
[debug] [2023-09-25T16:36:38.084Z] >>> [apiv2][query] GET https://firebase-public.firebaseio.com/cli.json [none]
[debug] [2023-09-25T16:36:38.132Z] > command requires scopes: ["email","openid","https://www.googleapis.com/auth/cloudplatformprojects.readonly","https://www.googleapis.com/auth/firebase","https://www.googleapis.com/auth/cloud-platform"]
[debug] [2023-09-25T16:36:38.132Z] > authorizing via signed-in user (frankarinze086@gmail.com)
[info] i  emulators: Starting emulators: functions {"metadata":{"emulator":{"name":"hub"},"message":"Starting emulators: functions"}}
[debug] [2023-09-25T16:36:38.430Z] [logging] Logging Emulator only supports listening on one address (127.0.0.1). Not listening on ::1
[warn] ⚠  ui: Emulator UI unable to start on port 4000, starting on 4001 instead. {"metadata":{"emulator":{"name":"ui"},"message":"Emulator UI unable to start on port 4000, starting on 4001 instead."}}
[debug] [2023-09-25T16:36:38.431Z] assigned listening specs for emulators {"user":{"hub":[{"address":"127.0.0.1","family":"IPv4","port":4400},{"address":"::1","family":"IPv6","port":4400}],"logging":[{"address":"127.0.0.1","family":"IPv4","port":4500}],"ui":[{"address":"127.0.0.1","family":"IPv4","port":4001},{"address":"::1","family":"IPv6","port":4001}]},"metadata":{"message":"assigned listening specs for emulators"}}
[debug] [2023-09-25T16:36:38.435Z] [hub] writing locator at /var/folders/2x/r7tdxmh535l4z8hwf40my_hc0000gn/T/hub-seans-legacy.json
[debug] [2023-09-25T16:36:38.592Z] [functions] Functions Emulator only supports listening on one address (127.0.0.1). Not listening on ::1
[debug] [2023-09-25T16:36:38.592Z] [eventarc] Eventarc Emulator only supports listening on one address (127.0.0.1). Not listening on ::1
[debug] [2023-09-25T16:36:38.592Z] late-assigned ports for functions and eventarc emulators {"user":{"hub":[{"address":"127.0.0.1","family":"IPv4","port":4400},{"address":"::1","family":"IPv6","port":4400}],"logging":[{"address":"127.0.0.1","family":"IPv4","port":4500}],"ui":[{"address":"127.0.0.1","family":"IPv4","port":4001},{"address":"::1","family":"IPv6","port":4001}],"functions":[{"address":"127.0.0.1","family":"IPv4","port":5001}],"eventarc":[{"address":"127.0.0.1","family":"IPv4","port":9299}]},"metadata":{"message":"late-assigned ports for functions and eventarc emulators"}}
[warn] ⚠  functions: The following emulators are not running, calls to these services from the Functions emulator will affect production: auth, firestore, database, hosting, pubsub, storage {"metadata":{"emulator":{"name":"functions"},"message":"The following emulators are not running, calls to these services from the Functions emulator will affect production: \u001b[1mauth, firestore, database, hosting, pubsub, storage\u001b[22m"}}
[debug] [2023-09-25T16:36:38.595Z] defaultcredentials: writing to file /Users/devfrankrnz/.config/firebase/frankarinze086_gmail_com_application_default_credentials.json
[debug] [2023-09-25T16:36:38.600Z] Setting GAC to /Users/devfrankrnz/.config/firebase/frankarinze086_gmail_com_application_default_credentials.json {"metadata":{"emulator":{"name":"functions"},"message":"Setting GAC to /Users/devfrankrnz/.config/firebase/frankarinze086_gmail_com_application_default_credentials.json"}}
[debug] [2023-09-25T16:36:38.600Z] > refreshing access token with scopes: []
[debug] [2023-09-25T16:36:38.601Z] >>> [apiv2][query] POST https://www.googleapis.com/oauth2/v3/token [none]
[debug] [2023-09-25T16:36:38.601Z] >>> [apiv2][body] POST https://www.googleapis.com/oauth2/v3/token [omitted]
[debug] [2023-09-25T16:36:39.724Z] <<< [apiv2][status] POST https://www.googleapis.com/oauth2/v3/token 200
[debug] [2023-09-25T16:36:39.724Z] <<< [apiv2][body] POST https://www.googleapis.com/oauth2/v3/token [omitted]
[debug] [2023-09-25T16:36:39.776Z] >>> [apiv2][query] GET https://firebase.googleapis.com/v1beta1/projects/seans-legacy/adminSdkConfig [none]
[debug] [2023-09-25T16:36:39.778Z] <<< [apiv2][status] GET https://firebase-public.firebaseio.com/cli.json 200
[debug] [2023-09-25T16:36:39.778Z] <<< [apiv2][body] GET https://firebase-public.firebaseio.com/cli.json {"cloudBuildErrorAfter":1594252800000,"cloudBuildWarnAfter":1590019200000,"defaultNode10After":1594252800000,"minVersion":"3.0.5","node8DeploysDisabledAfter":1613390400000,"node8RuntimeDisabledAfter":1615809600000,"node8WarnAfter":1600128000000}
[debug] [2023-09-25T16:36:40.510Z] <<< [apiv2][status] GET https://firebase.googleapis.com/v1beta1/projects/seans-legacy/adminSdkConfig 200
[debug] [2023-09-25T16:36:40.511Z] <<< [apiv2][body] GET https://firebase.googleapis.com/v1beta1/projects/seans-legacy/adminSdkConfig {"projectId":"seans-legacy","databaseURL":"https://seans-legacy-default-rtdb.firebaseio.com","storageBucket":"seans-legacy.appspot.com"}
[debug] [2023-09-25T16:36:40.564Z] Ignoring unsupported arg: auto_download {"metadata":{"emulator":{"name":"ui"},"message":"Ignoring unsupported arg: auto_download"}}
[debug] [2023-09-25T16:36:40.564Z] Ignoring unsupported arg: port {"metadata":{"emulator":{"name":"ui"},"message":"Ignoring unsupported arg: port"}}
[debug] [2023-09-25T16:36:40.564Z] Starting Emulator UI with command {"binary":"node","args":["/Users/devfrankrnz/.cache/firebase/emulators/ui-v1.11.4/server/server.js"],"optionalArgs":[],"joinArgs":false} {"metadata":{"emulator":{"name":"ui"},"message":"Starting Emulator UI with command {\"binary\":\"node\",\"args\":[\"/Users/devfrankrnz/.cache/firebase/emulators/ui-v1.11.4/server/server.js\"],\"optionalArgs\":[],\"joinArgs\":false}"}}
[info] i  ui: Emulator UI logging to ui-debug.log {"metadata":{"emulator":{"name":"ui"},"message":"Emulator UI logging to \u001b[1mui-debug.log\u001b[22m"}}
[debug] [2023-09-25T16:36:40.641Z] Web / API server started at 127.0.0.1:4001
 {"metadata":{"emulator":{"name":"ui"},"message":"Web / API server started at 127.0.0.1:4001\n"}}
[debug] [2023-09-25T16:36:40.641Z] Web / API server started at ::1:4001
 {"metadata":{"emulator":{"name":"ui"},"message":"Web / API server started at ::1:4001\n"}}
[info] i  functions: Watching "/Users/devfrankrnz/Projects/seans-legacy/functions" for Cloud Functions... {"metadata":{"emulator":{"name":"functions"},"message":"Watching \"/Users/devfrankrnz/Projects/seans-legacy/functions\" for Cloud Functions..."}}
[debug] [2023-09-25T16:36:40.835Z] Validating nodejs source
[warn] ⚠  functions: package.json indicates an outdated version of firebase-functions. Please upgrade using npm install --save firebase-functions@latest in your functions directory. 
[debug] [2023-09-25T16:36:42.582Z] > [functions] package.json contents: {
  "name": "functions",
  "main": "lib/index.js",
  "scripts": {
    "build": "tsc",
    "build:watch": "tsc --watch",
    "serve": "npm run build && firebase emulators:start --only functions",
    "shell": "npm run build && firebase functions:shell",
    "start": "npm run shell",
    "deploy": "firebase deploy --only functions",
    "logs": "firebase functions:log"
  },
  "engines": {
    "node": "16"
  },
  "dependencies": {
    "body-parser": "^1.20.2",
    "express": "^4.18.2",
    "firebase-admin": "^11.5.0",
    "firebase-functions": "^4.2.0",
    "helmet": "^4.6.0",
    "nodemon": "^2.0.20",
    "uuid": "^9.0.0"
  },
  "devDependencies": {
    "firebase-functions-test": "^3.0.0",
    "typescript": "^4.9.0"
  },
  "private": true
}
[debug] [2023-09-25T16:36:42.582Z] Building nodejs source
[debug] [2023-09-25T16:36:42.582Z] Failed to find version of module node: reached end of search path /Users/devfrankrnz/Projects/seans-legacy/functions/node_modules
[warn] ⚠  functions: Your requested "node" version "16" doesn't match your global version "18". Using node@18 from host. 
[debug] [2023-09-25T16:36:42.584Z] Could not find functions.yaml. Must use http discovery
[debug] [2023-09-25T16:36:42.592Z] Found firebase-functions binary at '/Users/devfrankrnz/Projects/seans-legacy/functions/node_modules/.bin/firebase-functions'
[debug] [2023-09-25T16:36:42.786Z] Serving at port 8106

[debug] [2023-09-25T16:36:42.966Z] Got response from /__/functions.yaml {"endpoints":{"app":{"platform":"gcfv1","availableMemoryMb":null,"timeoutSeconds":null,"minInstances":null,"maxInstances":null,"ingressSettings":null,"serviceAccountEmail":null,"vpc":null,"httpsTrigger":{},"entryPoint":"app"}},"specVersion":"v1alpha1","requiredAPIs":[]}
[debug] [2023-09-25T16:36:42.970Z] shutdown requested via /__/quitquitquit

[info] ✔  functions: Loaded functions definitions from source: app. {"metadata":{"emulator":{"name":"functions"},"message":"Loaded functions definitions from source: app."}}
[info] ✔  functions[us-central1-app]: http function initialized (http://127.0.0.1:5001/seans-legacy/us-central1/app). {"metadata":{"emulator":{"name":"functions"},"message":"\u001b[1mhttp\u001b[22m function initialized (http://127.0.0.1:5001/seans-legacy/us-central1/app)."}}
[info] 
┌─────────────────────────────────────────────────────────────┐
│ ✔  All emulators ready! It is now safe to connect your app. │
│ i  View Emulator UI at http://127.0.0.1:4001/               │
└─────────────────────────────────────────────────────────────┘

┌───────────┬────────────────┬─────────────────────────────────┐
│ Emulator  │ Host:Port      │ View in Emulator UI             │
├───────────┼────────────────┼─────────────────────────────────┤
│ Functions │ 127.0.0.1:5001 │ http://127.0.0.1:4001/functions │
└───────────┴────────────────┴─────────────────────────────────┘
  Emulator Hub running at 127.0.0.1:4400
  Other reserved ports: 4500

Issues? Report them at https://github.com/firebase/firebase-tools/issues and attach the *-debug.log files.
 
[debug] [2023-09-25T16:37:20.771Z] ----------------------------------------------------------------------
[debug] [2023-09-25T16:37:20.772Z] Command:       /opt/homebrew/Cellar/node@18/18.14.2/bin/node /Users/devfrankrnz/Projects/seans-legacy/node_modules/.bin/firebase emulators:start --only functions
[debug] [2023-09-25T16:37:20.772Z] CLI Version:   11.24.0
[debug] [2023-09-25T16:37:20.772Z] Platform:      darwin
[debug] [2023-09-25T16:37:20.772Z] Node Version:  v18.14.2
[debug] [2023-09-25T16:37:20.773Z] Time:          Mon Sep 25 2023 17:37:20 GMT+0100 (West Africa Standard Time)
[debug] [2023-09-25T16:37:20.773Z] ----------------------------------------------------------------------
[debug] 
[debug] [2023-09-25T16:37:20.820Z] > command requires scopes: ["email","openid","https://www.googleapis.com/auth/cloudplatformprojects.readonly","https://www.googleapis.com/auth/firebase","https://www.googleapis.com/auth/cloud-platform"]
[debug] [2023-09-25T16:37:20.820Z] > authorizing via signed-in user (frankarinze086@gmail.com)
[info] i  emulators: Starting emulators: functions {"metadata":{"emulator":{"name":"hub"},"message":"Starting emulators: functions"}}
[debug] [2023-09-25T16:37:21.145Z] [logging] Logging Emulator only supports listening on one address (127.0.0.1). Not listening on ::1
[warn] ⚠  ui: Emulator UI unable to start on port 4000, starting on 4002 instead. {"metadata":{"emulator":{"name":"ui"},"message":"Emulator UI unable to start on port 4000, starting on 4002 instead."}}
[debug] [2023-09-25T16:37:21.145Z] assigned listening specs for emulators {"user":{"hub":[{"address":"127.0.0.1","family":"IPv4","port":4400},{"address":"::1","family":"IPv6","port":4400}],"logging":[{"address":"127.0.0.1","family":"IPv4","port":4500}],"ui":[{"address":"127.0.0.1","family":"IPv4","port":4002},{"address":"::1","family":"IPv6","port":4002}]},"metadata":{"message":"assigned listening specs for emulators"}}
[warn] ⚠  emulators: It seems that you are running multiple instances of the emulator suite for project seans-legacy. This may result in unexpected behavior. 
[debug] [2023-09-25T16:37:21.149Z] [hub] writing locator at /var/folders/2x/r7tdxmh535l4z8hwf40my_hc0000gn/T/hub-seans-legacy.json
[debug] [2023-09-25T16:37:21.304Z] [functions] Functions Emulator only supports listening on one address (127.0.0.1). Not listening on ::1
[debug] [2023-09-25T16:37:21.304Z] [eventarc] Eventarc Emulator only supports listening on one address (127.0.0.1). Not listening on ::1
[debug] [2023-09-25T16:37:21.304Z] late-assigned ports for functions and eventarc emulators {"user":{"hub":[{"address":"127.0.0.1","family":"IPv4","port":4400},{"address":"::1","family":"IPv6","port":4400}],"logging":[{"address":"127.0.0.1","family":"IPv4","port":4500}],"ui":[{"address":"127.0.0.1","family":"IPv4","port":4002},{"address":"::1","family":"IPv6","port":4002}],"functions":[{"address":"127.0.0.1","family":"IPv4","port":5001}],"eventarc":[{"address":"127.0.0.1","family":"IPv4","port":9299}]},"metadata":{"message":"late-assigned ports for functions and eventarc emulators"}}
[warn] ⚠  functions: The following emulators are not running, calls to these services from the Functions emulator will affect production: auth, firestore, database, hosting, pubsub, storage {"metadata":{"emulator":{"name":"functions"},"message":"The following emulators are not running, calls to these services from the Functions emulator will affect production: \u001b[1mauth, firestore, database, hosting, pubsub, storage\u001b[22m"}}
[debug] [2023-09-25T16:37:21.306Z] defaultcredentials: writing to file /Users/devfrankrnz/.config/firebase/frankarinze086_gmail_com_application_default_credentials.json
[debug] [2023-09-25T16:37:21.312Z] Setting GAC to /Users/devfrankrnz/.config/firebase/frankarinze086_gmail_com_application_default_credentials.json {"metadata":{"emulator":{"name":"functions"},"message":"Setting GAC to /Users/devfrankrnz/.config/firebase/frankarinze086_gmail_com_application_default_credentials.json"}}
[debug] [2023-09-25T16:37:21.313Z] >>> [apiv2][query] GET https://firebase.googleapis.com/v1beta1/projects/seans-legacy/adminSdkConfig [none]
[debug] [2023-09-25T16:37:22.130Z] <<< [apiv2][status] GET https://firebase.googleapis.com/v1beta1/projects/seans-legacy/adminSdkConfig 200
[debug] [2023-09-25T16:37:22.130Z] <<< [apiv2][body] GET https://firebase.googleapis.com/v1beta1/projects/seans-legacy/adminSdkConfig {"projectId":"seans-legacy","databaseURL":"https://seans-legacy-default-rtdb.firebaseio.com","storageBucket":"seans-legacy.appspot.com"}
[debug] [2023-09-25T16:37:22.182Z] Ignoring unsupported arg: auto_download {"metadata":{"emulator":{"name":"ui"},"message":"Ignoring unsupported arg: auto_download"}}
[debug] [2023-09-25T16:37:22.182Z] Ignoring unsupported arg: port {"metadata":{"emulator":{"name":"ui"},"message":"Ignoring unsupported arg: port"}}
[debug] [2023-09-25T16:37:22.182Z] Starting Emulator UI with command {"binary":"node","args":["/Users/devfrankrnz/.cache/firebase/emulators/ui-v1.11.4/server/server.js"],"optionalArgs":[],"joinArgs":false} {"metadata":{"emulator":{"name":"ui"},"message":"Starting Emulator UI with command {\"binary\":\"node\",\"args\":[\"/Users/devfrankrnz/.cache/firebase/emulators/ui-v1.11.4/server/server.js\"],\"optionalArgs\":[],\"joinArgs\":false}"}}
[info] i  ui: Emulator UI logging to ui-debug.log {"metadata":{"emulator":{"name":"ui"},"message":"Emulator UI logging to \u001b[1mui-debug.log\u001b[22m"}}
[debug] [2023-09-25T16:37:22.264Z] Web / API server started at 127.0.0.1:4002
 {"metadata":{"emulator":{"name":"ui"},"message":"Web / API server started at 127.0.0.1:4002\n"}}
[debug] [2023-09-25T16:37:22.264Z] Web / API server started at ::1:4002
 {"metadata":{"emulator":{"name":"ui"},"message":"Web / API server started at ::1:4002\n"}}
[info] i  functions: Watching "/Users/devfrankrnz/Projects/seans-legacy/functions" for Cloud Functions... {"metadata":{"emulator":{"name":"functions"},"message":"Watching \"/Users/devfrankrnz/Projects/seans-legacy/functions\" for Cloud Functions..."}}
[debug] [2023-09-25T16:37:22.450Z] Validating nodejs source
[warn] ⚠  functions: package.json indicates an outdated version of firebase-functions. Please upgrade using npm install --save firebase-functions@latest in your functions directory. 
[debug] [2023-09-25T16:37:23.768Z] > [functions] package.json contents: {
  "name": "functions",
  "main": "lib/index.js",
  "scripts": {
    "build": "tsc",
    "build:watch": "tsc --watch",
    "serve": "npm run build && firebase emulators:start --only functions",
    "shell": "npm run build && firebase functions:shell",
    "start": "npm run shell",
    "deploy": "firebase deploy --only functions",
    "logs": "firebase functions:log"
  },
  "engines": {
    "node": "16"
  },
  "dependencies": {
    "body-parser": "^1.20.2",
    "express": "^4.18.2",
    "firebase-admin": "^11.5.0",
    "firebase-functions": "^4.2.0",
    "helmet": "^4.6.0",
    "nodemon": "^2.0.20",
    "uuid": "^9.0.0"
  },
  "devDependencies": {
    "firebase-functions-test": "^3.0.0",
    "typescript": "^4.9.0"
  },
  "private": true
}
[debug] [2023-09-25T16:37:23.769Z] Building nodejs source
[debug] [2023-09-25T16:37:23.769Z] Failed to find version of module node: reached end of search path /Users/devfrankrnz/Projects/seans-legacy/functions/node_modules
[warn] ⚠  functions: Your requested "node" version "16" doesn't match your global version "18". Using node@18 from host. 
[debug] [2023-09-25T16:37:23.770Z] Could not find functions.yaml. Must use http discovery
[debug] [2023-09-25T16:37:23.776Z] Found firebase-functions binary at '/Users/devfrankrnz/Projects/seans-legacy/functions/node_modules/.bin/firebase-functions'
[debug] [2023-09-25T16:37:24.106Z] Serving at port 8098

[debug] [2023-09-25T16:37:24.464Z] Got response from /__/functions.yaml {"endpoints":{"app":{"platform":"gcfv1","availableMemoryMb":null,"timeoutSeconds":null,"minInstances":null,"maxInstances":null,"ingressSettings":null,"serviceAccountEmail":null,"vpc":null,"httpsTrigger":{},"entryPoint":"app"}},"specVersion":"v1alpha1","requiredAPIs":[]}
[debug] [2023-09-25T16:37:24.468Z] shutdown requested via /__/quitquitquit

[info] ✔  functions: Loaded functions definitions from source: app. {"metadata":{"emulator":{"name":"functions"},"message":"Loaded functions definitions from source: app."}}
[info] ✔  functions[us-central1-app]: http function initialized (http://127.0.0.1:5001/seans-legacy/us-central1/app). {"metadata":{"emulator":{"name":"functions"},"message":"\u001b[1mhttp\u001b[22m function initialized (http://127.0.0.1:5001/seans-legacy/us-central1/app)."}}
[info] 
┌─────────────────────────────────────────────────────────────┐
│ ✔  All emulators ready! It is now safe to connect your app. │
│ i  View Emulator UI at http://127.0.0.1:4002/               │
└─────────────────────────────────────────────────────────────┘

┌───────────┬────────────────┬─────────────────────────────────┐
│ Emulator  │ Host:Port      │ View in Emulator UI             │
├───────────┼────────────────┼─────────────────────────────────┤
│ Functions │ 127.0.0.1:5001 │ http://127.0.0.1:4002/functions │
└───────────┴────────────────┴─────────────────────────────────┘
  Emulator Hub running at 127.0.0.1:4400
  Other reserved ports: 4500

Issues? Report them at https://github.com/firebase/firebase-tools/issues and attach the *-debug.log files.
 
